

Started GET "/posts/new" for 127.0.0.1 at 2019-02-13 19:05:24 -0500

ActiveRecord::PendingMigrationError (

Migrations are pending. To resolve this issue, run:

	bin/rake db:migrate RAILS_ENV=development

):
  activerecord (4.2.8) lib/active_record/migration.rb:392:in `check_pending!'
  activerecord (4.2.8) lib/active_record/migration.rb:373:in `call'
  actionpack (4.2.8) lib/action_dispatch/middleware/callbacks.rb:29:in `block in call'
  activesupport (4.2.8) lib/active_support/callbacks.rb:88:in `__run_callbacks__'
  activesupport (4.2.8) lib/active_support/callbacks.rb:778:in `_run_call_callbacks'
  activesupport (4.2.8) lib/active_support/callbacks.rb:81:in `run_callbacks'
  actionpack (4.2.8) lib/action_dispatch/middleware/callbacks.rb:27:in `call'
  actionpack (4.2.8) lib/action_dispatch/middleware/reloader.rb:73:in `call'
  actionpack (4.2.8) lib/action_dispatch/middleware/remote_ip.rb:78:in `call'
  actionpack (4.2.8) lib/action_dispatch/middleware/debug_exceptions.rb:17:in `call'
  web-console (2.3.0) lib/web_console/middleware.rb:28:in `block in call'
  web-console (2.3.0) lib/web_console/middleware.rb:18:in `catch'
  web-console (2.3.0) lib/web_console/middleware.rb:18:in `call'
  actionpack (4.2.8) lib/action_dispatch/middleware/show_exceptions.rb:30:in `call'
  railties (4.2.8) lib/rails/rack/logger.rb:38:in `call_app'
  railties (4.2.8) lib/rails/rack/logger.rb:20:in `block in call'
  activesupport (4.2.8) lib/active_support/tagged_logging.rb:68:in `block in tagged'
  activesupport (4.2.8) lib/active_support/tagged_logging.rb:26:in `tagged'
  activesupport (4.2.8) lib/active_support/tagged_logging.rb:68:in `tagged'
  railties (4.2.8) lib/rails/rack/logger.rb:20:in `call'
  actionpack (4.2.8) lib/action_dispatch/middleware/request_id.rb:21:in `call'
  rack (1.6.11) lib/rack/methodoverride.rb:22:in `call'
  rack (1.6.11) lib/rack/runtime.rb:18:in `call'
  activesupport (4.2.8) lib/active_support/cache/strategy/local_cache_middleware.rb:28:in `call'
  rack (1.6.11) lib/rack/lock.rb:17:in `call'
  actionpack (4.2.8) lib/action_dispatch/middleware/static.rb:120:in `call'
  rack (1.6.11) lib/rack/sendfile.rb:113:in `call'
  railties (4.2.8) lib/rails/engine.rb:518:in `call'
  railties (4.2.8) lib/rails/application.rb:165:in `call'
  rack (1.6.11) lib/rack/lock.rb:17:in `call'
  rack (1.6.11) lib/rack/content_length.rb:15:in `call'
  rack (1.6.11) lib/rack/handler/webrick.rb:88:in `service'
  /usr/share/rvm/rubies/ruby-2.6.0/lib/ruby/2.6.0/webrick/httpserver.rb:140:in `service'
  /usr/share/rvm/rubies/ruby-2.6.0/lib/ruby/2.6.0/webrick/httpserver.rb:96:in `run'
  /usr/share/rvm/rubies/ruby-2.6.0/lib/ruby/2.6.0/webrick/server.rb:307:in `block in start_thread'


  Rendered /home/steven/.rvm/gems/ruby-2.6.0/gems/actionpack-4.2.8/lib/action_dispatch/middleware/templates/rescues/_source.erb (2.0ms)
  Rendered /home/steven/.rvm/gems/ruby-2.6.0/gems/actionpack-4.2.8/lib/action_dispatch/middleware/templates/rescues/_trace.html.erb (1.3ms)
  Rendered /home/steven/.rvm/gems/ruby-2.6.0/gems/actionpack-4.2.8/lib/action_dispatch/middleware/templates/rescues/_request_and_response.html.erb (0.8ms)
  Rendered /home/steven/.rvm/gems/ruby-2.6.0/gems/actionpack-4.2.8/lib/action_dispatch/middleware/templates/rescues/diagnostics.html.erb within rescues/layout (14.7ms)
  Rendered /home/steven/.rvm/gems/ruby-2.6.0/gems/web-console-2.3.0/lib/web_console/templates/_markup.html.erb (0.4ms)
  Rendered /home/steven/.rvm/gems/ruby-2.6.0/gems/web-console-2.3.0/lib/web_console/templates/_inner_console_markup.html.erb within layouts/inlined_string (0.3ms)
  Rendered /home/steven/.rvm/gems/ruby-2.6.0/gems/web-console-2.3.0/lib/web_console/templates/_prompt_box_markup.html.erb within layouts/inlined_string (0.2ms)
  Rendered /home/steven/.rvm/gems/ruby-2.6.0/gems/web-console-2.3.0/lib/web_console/templates/style.css.erb within layouts/inlined_string (0.3ms)
  Rendered /home/steven/.rvm/gems/ruby-2.6.0/gems/web-console-2.3.0/lib/web_console/templates/console.js.erb within layouts/javascript (15.5ms)
  Rendered /home/steven/.rvm/gems/ruby-2.6.0/gems/web-console-2.3.0/lib/web_console/templates/main.js.erb within layouts/javascript (0.2ms)
  Rendered /home/steven/.rvm/gems/ruby-2.6.0/gems/web-console-2.3.0/lib/web_console/templates/error_page.js.erb within layouts/javascript (0.3ms)
  Rendered /home/steven/.rvm/gems/ruby-2.6.0/gems/web-console-2.3.0/lib/web_console/templates/index.html.erb (28.5ms)
  [1m[36m (11.5ms)[0m  [1mCREATE TABLE "schema_migrations" ("version" varchar NOT NULL) [0m
  [1m[35m (0.1ms)[0m  select sqlite_version(*)
  [1m[36m (9.6ms)[0m  [1mCREATE UNIQUE INDEX "unique_schema_migrations" ON "schema_migrations" ("version")[0m
  [1m[35mActiveRecord::SchemaMigration Load (0.1ms)[0m  SELECT "schema_migrations".* FROM "schema_migrations"
Migrating to CreatePosts (20190214000502)
  [1m[36m (0.1ms)[0m  [1mbegin transaction[0m
  [1m[35m (0.3ms)[0m  CREATE TABLE "posts" ("id" INTEGER PRIMARY KEY AUTOINCREMENT NOT NULL, "title" varchar, "content" text, "created_at" datetime NOT NULL, "updated_at" datetime NOT NULL) 
  [1m[36mSQL (0.1ms)[0m  [1mINSERT INTO "schema_migrations" ("version") VALUES (?)[0m  [["version", "20190214000502"]]
  [1m[35m (11.3ms)[0m  commit transaction
  [1m[36mActiveRecord::SchemaMigration Load (0.1ms)[0m  [1mSELECT "schema_migrations".* FROM "schema_migrations"[0m


Started GET "/posts/new" for 127.0.0.1 at 2019-02-13 19:05:47 -0500
  [1m[36mActiveRecord::SchemaMigration Load (0.1ms)[0m  [1mSELECT "schema_migrations".* FROM "schema_migrations"[0m
Processing by PostsController#new as HTML
  Rendered posts/_form.html.haml (20.6ms)
  Rendered posts/new.html.haml within layouts/application (28.7ms)
Completed 200 OK in 785ms (Views: 769.9ms | ActiveRecord: 0.3ms)


Started GET "/assets/posts.self-e3b0c44298fc1c149afbf4c8996fb92427ae41e4649b934ca495991b7852b855.css?body=1" for 127.0.0.1 at 2019-02-13 19:05:48 -0500


Started GET "/assets/scaffolds.self-ad33218e6c0b7090b8e6bd8ed8e768de690130ed7cd57f06e0b33733e79e451e.css?body=1" for 127.0.0.1 at 2019-02-13 19:05:48 -0500


Started GET "/assets/jquery.self-bd7ddd393353a8d2480a622e80342adf488fb6006d667e8b42e4c0073393abee.js?body=1" for 127.0.0.1 at 2019-02-13 19:05:48 -0500


Started GET "/assets/application.self-e80e8f2318043e8af94dddc2adad5a4f09739a8ebb323b3ab31cd71d45fd9113.css?body=1" for 127.0.0.1 at 2019-02-13 19:05:48 -0500


Started GET "/assets/jquery_ujs.self-784a997f6726036b1993eb2217c9cb558e1cbb801c6da88105588c56f13b466a.js?body=1" for 127.0.0.1 at 2019-02-13 19:05:48 -0500


Started GET "/assets/turbolinks.self-569ee74eaa15c1e2019317ff770b8769b1ec033a0f572a485f64c82ddc8f989e.js?body=1" for 127.0.0.1 at 2019-02-13 19:05:48 -0500


Started GET "/assets/posts.self-877aef30ae1b040ab8a3aba4e3e309a11d7f2612f44dde450b5c157aa5f95c05.js?body=1" for 127.0.0.1 at 2019-02-13 19:05:48 -0500


Started GET "/assets/application.self-3b8dabdc891efe46b9a144b400ad69e37d7e5876bdc39dee783419a69d7ca819.js?body=1" for 127.0.0.1 at 2019-02-13 19:05:48 -0500


Started POST "/posts" for 127.0.0.1 at 2019-02-13 19:45:45 -0500
Processing by PostsController#create as HTML
  Parameters: {"utf8"=>"✓", "authenticity_token"=>"p/o/taQtwtHGMV0UjXNLylOOEun+D63eJB2zm2oW4gIPtBsJuimvnr0KE8Q//MWRR4XbZlZUo746pw3YL/jxAg==", "post"=>{"title"=>"This dog is a maniac", "content"=>"Seriously, she doesn't stop moving"}, "commit"=>"Save"}
  [1m[35m (0.1ms)[0m  begin transaction
  [1m[36mSQL (0.2ms)[0m  [1mINSERT INTO "posts" ("title", "content", "created_at", "updated_at") VALUES (?, ?, ?, ?)[0m  [["title", "This dog is a maniac"], ["content", "Seriously, she doesn't stop moving"], ["created_at", "2019-02-14 00:45:45.388690"], ["updated_at", "2019-02-14 00:45:45.388690"]]
  [1m[35m (9.2ms)[0m  commit transaction
Redirected to http://localhost:3000/posts/1
Completed 302 Found in 13ms (ActiveRecord: 9.4ms)


Started GET "/posts/1" for 127.0.0.1 at 2019-02-13 19:45:45 -0500
Processing by PostsController#show as HTML
  Parameters: {"id"=>"1"}
  [1m[36mPost Load (0.2ms)[0m  [1mSELECT  "posts".* FROM "posts" WHERE "posts"."id" = ? LIMIT 1[0m  [["id", 1]]
  Rendered posts/show.html.haml within layouts/application (3.9ms)
Completed 200 OK in 32ms (Views: 25.8ms | ActiveRecord: 0.2ms)


Started GET "/posts" for 127.0.0.1 at 2019-02-13 19:45:52 -0500
Processing by PostsController#index as HTML
  [1m[35mPost Load (0.2ms)[0m  SELECT "posts".* FROM "posts"
  Rendered posts/index.html.haml within layouts/application (9.4ms)
Completed 200 OK in 29ms (Views: 28.8ms | ActiveRecord: 0.2ms)


Started GET "/posts/1" for 127.0.0.1 at 2019-02-13 19:45:55 -0500
Processing by PostsController#show as HTML
  Parameters: {"id"=>"1"}
  [1m[36mPost Load (0.1ms)[0m  [1mSELECT  "posts".* FROM "posts" WHERE "posts"."id" = ? LIMIT 1[0m  [["id", 1]]
  Rendered posts/show.html.haml within layouts/application (0.7ms)
Completed 200 OK in 19ms (Views: 17.9ms | ActiveRecord: 0.1ms)


Started GET "/posts" for 127.0.0.1 at 2019-02-13 20:29:15 -0500
Processing by PostsController#index as HTML
  [1m[35mPost Load (0.2ms)[0m  SELECT "posts".* FROM "posts"
  Rendered posts/index.html.haml within layouts/application (3.0ms)
Completed 200 OK in 14ms (Views: 12.8ms | ActiveRecord: 0.4ms)


Started GET "/posts/new" for 127.0.0.1 at 2019-02-13 20:29:18 -0500
Processing by PostsController#new as HTML
  Rendered posts/_form.html.haml (0.9ms)
  Rendered posts/new.html.haml within layouts/application (1.3ms)
Completed 200 OK in 9ms (Views: 8.5ms | ActiveRecord: 0.0ms)


Started POST "/posts" for 127.0.0.1 at 2019-02-13 20:29:23 -0500
Processing by PostsController#create as HTML
  Parameters: {"utf8"=>"✓", "authenticity_token"=>"QO99s/sdII23/bTvsHGVR/KYVm+PPzBPfVi8wchp9DzooVkP5RlNwszG+j8C/hsc5pOf4CdkPi9j4gKCjYfnPA==", "post"=>{"title"=>"", "content"=>"This won't work"}, "commit"=>"Save"}
  [1m[36m (0.2ms)[0m  [1mbegin transaction[0m
  [1m[35m (0.1ms)[0m  rollback transaction
  Rendered posts/_form.html.haml (3.7ms)
  Rendered posts/new.html.haml within layouts/application (5.1ms)
Completed 200 OK in 46ms (Views: 41.0ms | ActiveRecord: 0.3ms)
